e:\workspace\上海大学\教学\本科生教学\2018-2019\课件\chap 1 优化问题\bp-heu\bp-heu\debug\bp-heu.pch
e:\workspace\上海大学\教学\本科生教学\2018-2019\课件\chap 1 优化问题\bp-heu\bp-heu\debug\vc141.pdb
e:\workspace\上海大学\教学\本科生教学\2018-2019\课件\chap 1 优化问题\bp-heu\bp-heu\debug\vc141.idb
e:\workspace\上海大学\教学\本科生教学\2018-2019\课件\chap 1 优化问题\bp-heu\bp-heu\debug\stdafx.obj
e:\workspace\上海大学\教学\本科生教学\2018-2019\课件\chap 1 优化问题\bp-heu\bp-heu\debug\bp-heu.obj
e:\workspace\上海大学\教学\本科生教学\2018-2019\课件\chap 1 优化问题\课件\bp-heu\bp-heu\debug\bp-heu.pch
e:\workspace\上海大学\教学\本科生教学\2018-2019\课件\chap 1 优化问题\课件\bp-heu\bp-heu\debug\vc141.pdb
e:\workspace\上海大学\教学\本科生教学\2018-2019\课件\chap 1 优化问题\课件\bp-heu\bp-heu\debug\vc141.idb
e:\workspace\上海大学\教学\本科生教学\2018-2019\课件\chap 1 优化问题\课件\bp-heu\bp-heu\debug\stdafx.obj
e:\workspace\上海大学\教学\本科生教学\2018-2019\课件\chap 1 优化问题\课件\bp-heu\bp-heu\debug\bp-heu.obj
e:\workspace\上海大学\教学\本科生教学\2019-2020\2. 典型问题的启发式算法\bp-heu\bp-heu\debug\bp-heu.pch
e:\workspace\上海大学\教学\本科生教学\2019-2020\2. 典型问题的启发式算法\bp-heu\bp-heu\debug\vc141.pdb
e:\workspace\上海大学\教学\本科生教学\2019-2020\2. 典型问题的启发式算法\bp-heu\bp-heu\debug\vc141.idb
e:\workspace\上海大学\教学\本科生教学\2019-2020\2. 典型问题的启发式算法\bp-heu\bp-heu\debug\stdafx.obj
e:\workspace\上海大学\教学\本科生教学\2019-2020\2. 典型问题的启发式算法\bp-heu\bp-heu\debug\bp-heu.obj
e:\workspace\上海大学\教学\本科生教学\2018-2019\课件\chap 1 优化问题\bp-heu\debug\bp-heu.exe
e:\workspace\上海大学\教学\本科生教学\2018-2019\课件\chap 1 优化问题\bp-heu\debug\bp-heu.ilk
e:\workspace\上海大学\教学\本科生教学\2018-2019\课件\chap 1 优化问题\bp-heu\debug\bp-heu.pdb
e:\workspace\上海大学\教学\本科生教学\2018-2019\课件\chap 1 优化问题\课件\bp-heu\debug\bp-heu.exe
e:\workspace\上海大学\教学\本科生教学\2018-2019\课件\chap 1 优化问题\课件\bp-heu\debug\bp-heu.ilk
e:\workspace\上海大学\教学\本科生教学\2018-2019\课件\chap 1 优化问题\课件\bp-heu\debug\bp-heu.pdb
e:\workspace\上海大学\教学\本科生教学\2019-2020\2. 典型问题的启发式算法\bp-heu\debug\bp-heu.exe
e:\workspace\上海大学\教学\本科生教学\2019-2020\2. 典型问题的启发式算法\bp-heu\debug\bp-heu.ilk
e:\workspace\上海大学\教学\本科生教学\2019-2020\2. 典型问题的启发式算法\bp-heu\debug\bp-heu.pdb
e:\workspace\上海大学\教学\本科生教学\2019-2020\2. 典型问题的启发式算法\bp-heu\bp-heu\debug\bp-heu.tlog\cl.command.1.tlog
e:\workspace\上海大学\教学\本科生教学\2019-2020\2. 典型问题的启发式算法\bp-heu\bp-heu\debug\bp-heu.tlog\cl.read.1.tlog
e:\workspace\上海大学\教学\本科生教学\2019-2020\2. 典型问题的启发式算法\bp-heu\bp-heu\debug\bp-heu.tlog\cl.write.1.tlog
e:\workspace\上海大学\教学\本科生教学\2019-2020\2. 典型问题的启发式算法\bp-heu\bp-heu\debug\bp-heu.tlog\link.command.1.tlog
e:\workspace\上海大学\教学\本科生教学\2019-2020\2. 典型问题的启发式算法\bp-heu\bp-heu\debug\bp-heu.tlog\link.read.1.tlog
e:\workspace\上海大学\教学\本科生教学\2019-2020\2. 典型问题的启发式算法\bp-heu\bp-heu\debug\bp-heu.tlog\link.write.1.tlog
